<?xml version="1.0" encoding="UTF-8"?>
<!-- Generated by org.testng.reporters.JUnitXMLReporter -->
<testsuite ignored="0" hostname="Basma" failures="1" tests="2" name="Test" time="5.828" errors="0" timestamp="2024-12-09T13:52:15 GMT">
  <testcase classname="TestCases.LoginTests" name="TC01_ValidScenarioLoginVerification" time="0.636"/>
  <testcase classname="TestCases.LoginTests" name="TC02_InValidScenariosLoginVerification" time="0.29">
    <failure type="java.lang.AssertionError" message="expected [User or Password is no valid] but found [User or Password is not valid]">
      <![CDATA[java.lang.AssertionError: expected [User or Password is no valid] but found [User or Password is not valid]
at Pages.LoginPage.InvalidLoginValidation(LoginPage.java:93)
at TestCases.LoginTests.TC02_InValidScenariosLoginVerification(LoginTests.java:86)
at java.base/java.util.ArrayList.forEach(ArrayList.java:1596)
... Removed 31 stack frames]]>
    </failure>
  </testcase> <!-- TC02_InValidScenariosLoginVerification -->
</testsuite> <!-- Test -->
