<?xml version="1.0" encoding="UTF-8"?>
<testng-results ignored="0" total="4" passed="4" failed="0" skipped="0">
  <reporter-output>
  </reporter-output>
  <suite started-at="2024-12-13T10:59:27 GMT" name="Suite" finished-at="2024-12-13T10:59:33 GMT" duration-ms="6356">
    <groups>
      <group name="ValidLogin">
        <method signature="LoginTests.TC01_ValidScenarioLoginVerification(java.lang.String,java.lang.String)[pri:0, instance:TestCases.LoginTests@233795b6]" name="TC01_ValidScenarioLoginVerification" class="TestCases.LoginTests"/>
      </group> <!-- ValidLogin -->
      <group name="ManagerValidLogin">
        <method signature="ManagerTests.TC03_LoginWithManagerID(java.lang.String,java.lang.String)[pri:1, instance:TestCases.ManagerTests@3eb738bb]" name="TC03_LoginWithManagerID" class="TestCases.ManagerTests"/>
      </group> <!-- ManagerValidLogin -->
      <group name="InvalidLogin">
        <method signature="LoginTests.TC02_InValidScenariosLoginVerification(java.lang.String,java.lang.String)[pri:0, instance:TestCases.LoginTests@233795b6]" name="TC02_InValidScenariosLoginVerification" class="TestCases.LoginTests"/>
      </group> <!-- InvalidLogin -->
      <group name="Regression">
        <method signature="LoginTests.TC01_ValidScenarioLoginVerification(java.lang.String,java.lang.String)[pri:0, instance:TestCases.LoginTests@233795b6]" name="TC01_ValidScenarioLoginVerification" class="TestCases.LoginTests"/>
        <method signature="LoginTests.TC02_InValidScenariosLoginVerification(java.lang.String,java.lang.String)[pri:0, instance:TestCases.LoginTests@233795b6]" name="TC02_InValidScenariosLoginVerification" class="TestCases.LoginTests"/>
      </group> <!-- Regression -->
    </groups>
    <test started-at="2024-12-13T10:59:27 GMT" name="Test" finished-at="2024-12-13T10:59:33 GMT" duration-ms="6356">
      <class name="TestCases.TCPrePostConditions">
        <test-method is-config="true" signature="SetUpTest()[pri:0, instance:TestCases.TCPrePostConditions@5542c4ed]" started-at="2024-12-13T10:59:27 GMT" name="SetUpTest" finished-at="2024-12-13T10:59:29 GMT" duration-ms="2052" status="PASS">
          <reporter-output>
          </reporter-output>
        </test-method> <!-- SetUpTest -->
        <test-method is-config="true" signature="Teardown()[pri:0, instance:TestCases.TCPrePostConditions@5542c4ed]" started-at="2024-12-13T10:59:33 GMT" name="Teardown" finished-at="2024-12-13T10:59:33 GMT" duration-ms="402" status="PASS">
          <reporter-output>
          </reporter-output>
        </test-method> <!-- Teardown -->
      </class> <!-- TestCases.TCPrePostConditions -->
      <class name="TestCases.LoginTests">
        <test-method is-config="true" signature="LoginTestsSetup()[pri:0, instance:TestCases.LoginTests@233795b6]" started-at="2024-12-13T10:59:30 GMT" name="LoginTestsSetup" finished-at="2024-12-13T10:59:30 GMT" duration-ms="602" status="PASS">
          <reporter-output>
          </reporter-output>
        </test-method> <!-- LoginTestsSetup -->
        <test-method signature="TC01_ValidScenarioLoginVerification(java.lang.String,java.lang.String)[pri:0, instance:TestCases.LoginTests@233795b6]" started-at="2024-12-13T10:59:30 GMT" name="TC01_ValidScenarioLoginVerification" data-provider="ValidLoginData" finished-at="2024-12-13T10:59:31 GMT" duration-ms="718" status="PASS">
          <params>
            <param index="0">
              <value>
                <![CDATA[mngr602413]]>
              </value>
            </param>
            <param index="1">
              <value>
                <![CDATA[hAnYsAh]]>
              </value>
            </param>
          </params>
          <reporter-output>
          </reporter-output>
        </test-method> <!-- TC01_ValidScenarioLoginVerification -->
        <test-method is-config="true" signature="LoginTestsSetup()[pri:0, instance:TestCases.LoginTests@233795b6]" started-at="2024-12-13T10:59:31 GMT" name="LoginTestsSetup" finished-at="2024-12-13T10:59:31 GMT" duration-ms="284" status="PASS">
          <reporter-output>
          </reporter-output>
        </test-method> <!-- LoginTestsSetup -->
        <test-method signature="TC02_InValidScenariosLoginVerification(java.lang.String,java.lang.String)[pri:0, instance:TestCases.LoginTests@233795b6]" started-at="2024-12-13T10:59:31 GMT" name="TC02_InValidScenariosLoginVerification" data-provider="InValidLoginData" finished-at="2024-12-13T10:59:32 GMT" duration-ms="334" status="PASS">
          <params>
            <param index="0">
              <value>
                <![CDATA[xyz]]>
              </value>
            </param>
            <param index="1">
              <value>
                <![CDATA[zdghfjh]]>
              </value>
            </param>
          </params>
          <reporter-output>
          </reporter-output>
        </test-method> <!-- TC02_InValidScenariosLoginVerification -->
      </class> <!-- TestCases.LoginTests -->
      <class name="TestCases.ManagerTests">
        <test-method signature="TC03_LoginWithManagerID(java.lang.String,java.lang.String)[pri:1, instance:TestCases.ManagerTests@3eb738bb]" started-at="2024-12-13T10:59:32 GMT" name="TC03_LoginWithManagerID" data-provider="ManagerLoginData" finished-at="2024-12-13T10:59:33 GMT" duration-ms="1143" status="PASS">
          <params>
            <param index="0">
              <value>
                <![CDATA[mngr602413]]>
              </value>
            </param>
            <param index="1">
              <value>
                <![CDATA[hAnYsAh]]>
              </value>
            </param>
          </params>
          <reporter-output>
          </reporter-output>
        </test-method> <!-- TC03_LoginWithManagerID -->
        <test-method signature="TC04_ManagerUserIdPresesnce(java.lang.String,java.lang.String)[pri:2, instance:TestCases.ManagerTests@3eb738bb]" started-at="2024-12-13T10:59:33 GMT" name="TC04_ManagerUserIdPresesnce" data-provider="ManagerLoginData" depends-on-groups="ManagerValidLogin" finished-at="2024-12-13T10:59:33 GMT" duration-ms="46" status="PASS">
          <params>
            <param index="0">
              <value>
                <![CDATA[mngr602413]]>
              </value>
            </param>
            <param index="1">
              <value>
                <![CDATA[hAnYsAh]]>
              </value>
            </param>
          </params>
          <reporter-output>
          </reporter-output>
        </test-method> <!-- TC04_ManagerUserIdPresesnce -->
      </class> <!-- TestCases.ManagerTests -->
    </test> <!-- Test -->
  </suite> <!-- Suite -->
</testng-results>
